<?xml version="1.0" encoding="UTF-8"?>
<testsuite name="P3.FriendshipGraphTest" tests="4" skipped="0" failures="0" errors="0" timestamp="2018-03-19T10:13:31" hostname="LAPTOP-7U65CDMH" time="0.006">
  <properties/>
  <testcase name="testAssertionsEnabled" classname="P3.FriendshipGraphTest" time="0.002"/>
  <testcase name="getDistanceTest" classname="P3.FriendshipGraphTest" time="0.003"/>
  <testcase name="addEdgeTest" classname="P3.FriendshipGraphTest" time="0.001"/>
  <testcase name="addVertexTest" classname="P3.FriendshipGraphTest" time="0.0"/>
  <system-out><![CDATA[]]></system-out>
  <system-err><![CDATA[]]></system-err>
</testsuite>
